<?xml version="1.0" encoding="UTF-8"?>
<testng-results ignored="0" total="2" passed="2" failed="0" skipped="0">
  <reporter-output>
  </reporter-output>
  <suite started-at="2023-07-04T12:06:30 EDT" name="Suite" finished-at="2023-07-04T12:06:36 EDT" duration-ms="5699">
    <groups>
      <group name="cucumber">
        <method signature="AbstractTestNGCucumberTests.runScenario(io.cucumber.testng.PickleWrapper,io.cucumber.testng.FeatureWrapper)[pri:0, instance:com.regression.CucumberRunner@61001b64]" name="runScenario" class="io.cucumber.testng.AbstractTestNGCucumberTests"/>
      </group> <!-- cucumber -->
    </groups>
    <test started-at="2023-07-04T12:06:30 EDT" name="Test" finished-at="2023-07-04T12:06:36 EDT" duration-ms="5699">
      <class name="com.regression.CucumberRunner">
        <test-method is-config="true" signature="setUpClass(org.testng.ITestContext)[pri:0, instance:com.regression.CucumberRunner@61001b64]" started-at="2023-07-04T12:06:31 EDT" name="setUpClass" finished-at="2023-07-04T12:06:31 EDT" duration-ms="291" status="PASS">
          <params>
            <param index="0">
              <value>
                <![CDATA[org.testng.TestRunner@65cf4d6d]]>
              </value>
            </param>
          </params>
          <reporter-output>
          </reporter-output>
        </test-method> <!-- setUpClass -->
        <test-method signature="runScenario(io.cucumber.testng.PickleWrapper,io.cucumber.testng.FeatureWrapper)[pri:0, instance:com.regression.CucumberRunner@61001b64]" started-at="2023-07-04T12:06:31 EDT" name="runScenario" description="Runs Cucumber Scenarios" data-provider="scenarios" finished-at="2023-07-04T12:06:34 EDT" duration-ms="3023" status="PASS">
          <params>
            <param index="0">
              <value>
                <![CDATA["Login function test with valid credential."]]>
              </value>
            </param>
            <param index="1">
              <value>
                <![CDATA["Login function for Smarttech online Banking"]]>
              </value>
            </param>
          </params>
          <reporter-output>
          </reporter-output>
        </test-method> <!-- runScenario -->
        <test-method signature="runScenario(io.cucumber.testng.PickleWrapper,io.cucumber.testng.FeatureWrapper)[pri:0, instance:com.regression.CucumberRunner@61001b64]" started-at="2023-07-04T12:06:34 EDT" name="runScenario" description="Runs Cucumber Scenarios" data-provider="scenarios" finished-at="2023-07-04T12:06:36 EDT" duration-ms="1909" status="PASS">
          <params>
            <param index="0">
              <value>
                <![CDATA["Login function test with invalid credential."]]>
              </value>
            </param>
            <param index="1">
              <value>
                <![CDATA["Login function for Smarttech online Banking"]]>
              </value>
            </param>
          </params>
          <reporter-output>
          </reporter-output>
        </test-method> <!-- runScenario -->
        <test-method is-config="true" signature="tearDownClass()[pri:0, instance:com.regression.CucumberRunner@61001b64]" started-at="2023-07-04T12:06:36 EDT" name="tearDownClass" finished-at="2023-07-04T12:06:36 EDT" duration-ms="441" status="PASS">
          <reporter-output>
          </reporter-output>
        </test-method> <!-- tearDownClass -->
      </class> <!-- com.regression.CucumberRunner -->
    </test> <!-- Test -->
  </suite> <!-- Suite -->
</testng-results>
